[25500:21560:2020-7-23 13:0:51.163] Main Start
[25500:21560:2020-7-23 13:0:51.163] Command line:"C:\Users\JHollist\OneDrive - Environmental Protection Agency (EPA)\projects\ri_wq_trends\manuscript\Zoom_cm_fo42anktZ9vvrZo4_miO3lj9AratCOQGMU5X61k8ncugw7uVNikpBo@8Yoeol8QwNg7cXdk_k35a4a09951dcd0e9_.exe"  Instance:0xA70000 Show State:1
[25500:21560:2020-7-23 13:0:51.248] C:\
[25500:21848:2020-7-23 13:0:51.257] [process_requst] start, url:https://us02web.zoom.us/conf/launch
[25500:21848:2020-7-23 13:0:51.654] [req_state_read_status_code] zHttpQueryInfo complete, status:200
[25500:21848:2020-7-23 13:0:51.654] [req_state_read_status_code] zHttpQueryInfo complete, status:200 Error: 0
[25500:21848:2020-7-23 13:0:51.654] [log_response_content] Content length (1048576 as unknown):1545 , Total read: 1545 , Error No: 0 , Status code: 200
[25500:21848:2020-7-23 13:0:51.654] [log_response_content] header:
[25500:21848:2020-7-23 13:0:51.654] HTTP/1.1 200 
Date: Thu, 23 Jul 2020 17:00:52 GMT
Content-Type: text/plain;charset=utf-8
Content-Length: 1545
Connection: keep-alive
Server: ZOOM
x-zm-trackingid: WEB_fa3e2c5594d9c36f575057f56c8c2523
X-Content-Type-Options: nosniff
Content-Security-Policy: upgrade-insecure-requests; default-src https://*.zoom.us https://zoom.us https://d17o6on0vd932d.cloudfront.net blob: 'self'; script-src 'unsafe-eval' 'unsafe-inline' blob: about: https://ruanshi2.8686c.com https://ajax.aspnetcdn.com/ajax/3.5/MicrosoftAjax.js https://appsforoffice.microsoft.com https://assets.zendesk.com https://autocomplete.demandbase.com https://cdn.wootric.com https://cdncache-a.akamaihd.net https://connect.facebook.net https://consent.trustarc.com https://d.adroll.mgr.consensu.org https://d2b9h3rz4xo53c.cloudfront.net https://d24cgw3uvb9a9h.cloudfront.net https://googleads.g.doubleclick.net https://pi.pardot.com https://s.dcbap.com https://s.ytimg.com https://s3.amazonaws.com https://scout-cdn.salesloft.com https://sealserver.trustwave.com https://secure-cdn.mplxtms.com https://serve2.cheqzone.com https://snap.licdn.com https://sp.analytics.yahoo.com https://static.zdassets.com https://static2.sharepointonline.com https://tag.demandbase.com https://tpc.googlesyndication.com https://tracking.g2crowd.com https://trk.techtarget.com https://www.comeet.co https://www.dropbox.com https://www.google-analytics.com https://static.zoom.com.cn https://www.googleadservices.com/pagead/conversion_async.js https://www.googletagmanager.com/gtm.js https://optimize.google.com  https://www.gstatic.com/recaptcha/releases/ https://google.com https://docs.google.com https://cse.google.com https://maps.google.com https://www.google.com https://linkedin.com https://platform.linkedin.com https://px.ads.linkedin.com https://ads.linkedin.com https://www.youtube.com https://d17o6on0vd932d.cloudfront.net https://*.ada.support https://*.adroll.com https://*.hotjar.com https://*.zoom.us https://*.zoomcloudpbx.com https://*.zoomus.cn https://*.zopim.com https://adroll.com https://zoom.us https://apis.google.com https://gstatic.zoom.com.cn 'self'; img-src https: about: blob: data: 'self'; style-src https: safari-extension: chrome-extension: 'unsafe-inline' data: 'self'; font-src https: safari-extension: chrome-extension: blob: data: 'self'; connect-src * about: blob: data: 'self'; media-src * rtmp: blob: data: 'self'; frame-src https: ms-appx-web: zoommtg: zoomus: wvjbscheme: data: 'self'; object-src 'none'; base-uri 'none';
X-FRAME-OPTIONS: SAMEORIGIN
Set-Cookie: zm_aid=""; Domain=.zoom.us; Expires=Thu, 01-Jan-1970 00:00:10 GMT; Path=/; Secure; HttpOnly
Set-Cookie: zm_haid=""; Domain=.zoom.us; Expires=Thu, 01-Jan-1970 00:00:10 GMT; Path=/; Secure; HttpOnly
Set-Cookie: cred=7FA5DCD8415C4E88209E517D69BCF6CD; Path=/; Secure; HttpOnly
Set-Cookie: _zm_page_auth=aw1_c_E7UMp9maRXurakoQPM-M-w; Domain=.zoom.us; Path=/; Secure; HttpOnly
p3p: CP="NOI ADM DEV PSAi COM NAV OUR OTR STP IND DEM"
Set-Cookie: _zm_ssid=aw1_c_UpMEc9egS76lwypHHwIzyg; Domain=.zoom.us; Path=/; Secure; HttpOnly
Set-Cookie: _zm_ctaid=QnXoOTaJTu6nNiVA0lgpAQ.1595523652211.acd3f761337087e928d21390a9a5578b; Domain=.zoom.us; Expires=Thu, 23-Jul-2020 19:00:52 GMT; Path=/; Secure; HttpOnly
Set-Cookie: _zm_chtaid=106; Domain=.zoom.us; Expires=Thu, 23-Jul-2020 19:00:52 GMT; Path=/; Secure; HttpOnly
Strict-Transport-Security: max-age=31536000
X-XSS-Protection: 1; mode=block
Referrer-Policy: strict-origin-when-cross-origin


[25500:21848:2020-7-23 13:0:51.655] [process_requst] End for url:https://us02web.zoom.us/conf/launch, return code:200, Error:0, Response content size:1545
[25500:21560:2020-7-23 13:0:51.682] [client_has_installed_app] found path:
[25500:21560:2020-7-23 13:0:51.682]  ***NULL-POINTER-PLACEHOLDER***
[25500:21560:2020-7-23 13:0:51.683] [param_query_local_path] path is: C:\Users\JHollist\AppData\Roaming\Zoom\ZoomDownload\ dir create response : 1 system error: 1008
[25500:21560:2020-7-23 13:0:51.683] [downloader_run] State:0
[25500:13708:2020-7-23 13:0:51.683] [process_requst] start, url:https://us02web.zoom.us/client/latest/Installer.exe
[25500:21560:2020-7-23 13:0:51.684] [client_has_installed_app] found path:
[25500:21560:2020-7-23 13:0:51.684]  ***NULL-POINTER-PLACEHOLDER***
[25500:13708:2020-7-23 13:0:53.722] [req_state_read_status_code] zHttpQueryInfo complete, status:200
[25500:13708:2020-7-23 13:0:53.722] [req_state_read_status_code] zHttpQueryInfo complete, status:200 Error: 0
[25500:13708:2020-7-23 13:0:53.819] [read_response_file] Status Code:200, content length: 718680, total read: 718680, error code: 0
[25500:13708:2020-7-23 13:0:53.836] [process_requst] End for url:https://us02web.zoom.us/client/latest/Installer.exe, return code:200, Error:0, Response content size:0
[25500:21560:2020-7-23 13:0:53.866] [handle_download_job_done] Index: 1 Curr index: 1 StatusCode: 200 Error: 0 Response is Empty. 
[25500:13708:2020-7-23 13:0:54.26] [process_requst] start, url:https://us02web.zoom.us/client/latest/Zoom.msi
[25500:13708:2020-7-23 13:0:54.189] [req_state_read_status_code] zHttpQueryInfo complete, status:200
[25500:13708:2020-7-23 13:0:54.189] [req_state_read_status_code] zHttpQueryInfo complete, status:200 Error: 0
[25500:13708:2020-7-23 13:0:54.829] [read_response_file] Status Code:200, content length: 12378939, total read: 12378939, error code: 0
[25500:13708:2020-7-23 13:0:54.862] [process_requst] End for url:https://us02web.zoom.us/client/latest/Zoom.msi, return code:200, Error:0, Response content size:0
[25500:21560:2020-7-23 13:0:54.867] [handle_download_job_done] Index: 2 Curr index: 2 StatusCode: 200 Error: 0 Response is Empty. 
[25500:21560:2020-7-23 13:0:54.889] C:\Users\JHollist\AppData\Roaming\Zoom\ZoomDownload\Installer.exe
[25500:21560:2020-7-23 13:0:54.889] ZInstaller --conf.mode=silent --ipc_wnd=3214916
[25500:21560:2020-7-23 13:0:55.184] [launch_silent_install] Installer process created, result:42
[25500:21560:2020-7-23 13:1:1.442] Main End
